<?xml version="1.0" encoding="UTF-8"?>
<!-- Generated by org.testng.reporters.JUnitXMLReporter -->
<testsuite ignored="0" hostname="TYSS-Chandana-M" failures="1" tests="9" name="Test_01" time="28.565" errors="0" timestamp="2024-03-20T17:25:50 IST">
  <testcase classname="scripts_CrossBrowserExecution.ToLaunchApp_06" name="launch_app" time="10.598"/>
  <testcase classname="scripts_CrossBrowserExecution.ToLaunchApp_09" name="launch_app" time="17.622">
    <failure type="org.openqa.selenium.WebDriverException" message="target frame detached
  (failed to check if window was closed: disconnected: Unable to receive message from renderer)
  (Session info: MicrosoftEdge=122.0.2365.92)
Build info: version: &amp;apos;4.12.0&amp;apos;, revision: &amp;apos;249f2a7d1b*&amp;apos;
System info: os.name: &amp;apos;Windows 10&amp;apos;, os.arch: &amp;apos;amd64&amp;apos;, os.version: &amp;apos;10.0&amp;apos;, java.version: &amp;apos;17.0.9&amp;apos;
Driver info: org.openqa.selenium.edge.EdgeDriver
Command: [d59b3aab5d2ad5e0729cf8d1ce81af70, get {url=https://www.meesho.com/}]
Capabilities {acceptInsecureCerts: false, browserName: MicrosoftEdge, browserVersion: 122.0.2365.92, fedcm:accounts: true, ms:edgeOptions: {debuggerAddress: localhost:61117}, msedge: {msedgedriverVersion: 122.0.2365.92 (908657ec17be..., userDataDir: C:\Users\User\AppData\Local...}, networkConnectionEnabled: false, pageLoadStrategy: normal, platformName: windows, proxy: Proxy(), se:cdp: ws://localhost:61117/devtoo..., se:cdpVersion: 122.0.2365.92, setWindowRect: true, strictFileInteractability: false, timeouts: {implicit: 0, pageLoad: 300000, script: 30000}, unhandledPromptBehavior: dismiss and notify, webauthn:extension:credBlob: true, webauthn:extension:largeBlob: true, webauthn:extension:minPinLength: true, webauthn:extension:prf: true, webauthn:virtualAuthenticators: true}
Session ID: d59b3aab5d2ad5e0729cf8d1ce81af70">
      <![CDATA[org.openqa.selenium.WebDriverException: target frame detached
  (failed to check if window was closed: disconnected: Unable to receive message from renderer)
  (Session info: MicrosoftEdge=122.0.2365.92)
Build info: version: '4.12.0', revision: '249f2a7d1b*'
System info: os.name: 'Windows 10', os.arch: 'amd64', os.version: '10.0', java.version: '17.0.9'
Driver info: org.openqa.selenium.edge.EdgeDriver
Command: [d59b3aab5d2ad5e0729cf8d1ce81af70, get {url=https://www.meesho.com/}]
Capabilities {acceptInsecureCerts: false, browserName: MicrosoftEdge, browserVersion: 122.0.2365.92, fedcm:accounts: true, ms:edgeOptions: {debuggerAddress: localhost:61117}, msedge: {msedgedriverVersion: 122.0.2365.92 (908657ec17be..., userDataDir: C:\Users\User\AppData\Local...}, networkConnectionEnabled: false, pageLoadStrategy: normal, platformName: windows, proxy: Proxy(), se:cdp: ws://localhost:61117/devtoo..., se:cdpVersion: 122.0.2365.92, setWindowRect: true, strictFileInteractability: false, timeouts: {implicit: 0, pageLoad: 300000, script: 30000}, unhandledPromptBehavior: dismiss and notify, webauthn:extension:credBlob: true, webauthn:extension:largeBlob: true, webauthn:extension:minPinLength: true, webauthn:extension:prf: true, webauthn:virtualAuthenticators: true}
Session ID: d59b3aab5d2ad5e0729cf8d1ce81af70
at org.openqa.selenium.remote.codec.w3c.W3CHttpResponseCodec.createException(W3CHttpResponseCodec.java:200)
at org.openqa.selenium.remote.codec.w3c.W3CHttpResponseCodec.decode(W3CHttpResponseCodec.java:133)
at org.openqa.selenium.remote.codec.w3c.W3CHttpResponseCodec.decode(W3CHttpResponseCodec.java:52)
at org.openqa.selenium.remote.HttpCommandExecutor.execute(HttpCommandExecutor.java:191)
at org.openqa.selenium.remote.service.DriverCommandExecutor.invokeExecute(DriverCommandExecutor.java:196)
at org.openqa.selenium.remote.service.DriverCommandExecutor.execute(DriverCommandExecutor.java:171)
at org.openqa.selenium.remote.RemoteWebDriver.execute(RemoteWebDriver.java:602)
at org.openqa.selenium.remote.RemoteWebDriver.get(RemoteWebDriver.java:304)
at scripts_CrossBrowserExecution.ToLaunchApp_09.launch_app(ToLaunchApp_09.java:29)
at java.base/java.util.concurrent.Executors$RunnableAdapter.call(Executors.java:539)
at java.base/java.util.concurrent.FutureTask.run(FutureTask.java:264)
at java.base/java.util.concurrent.ThreadPoolExecutor.runWorker(ThreadPoolExecutor.java:1136)
at java.base/java.util.concurrent.ThreadPoolExecutor$Worker.run(ThreadPoolExecutor.java:635)
at java.base/java.lang.Thread.run(Thread.java:842)
... Removed 18 stack frames]]>
    </failure>
  </testcase> <!-- launch_app -->
  <testcase classname="scripts_CrossBrowserExecution.ToLaunchApp_03" name="launch_app" time="19.416"/>
  <testcase classname="scripts_CrossBrowserExecution.ToLaunchApp_01" name="launch_app" time="19.996"/>
  <testcase classname="scripts_CrossBrowserExecution.ToLaunchApp_08" name="launch_app" time="22.181"/>
  <testcase classname="scripts_CrossBrowserExecution.ToLaunchApp_02" name="launch_app" time="22.596"/>
  <testcase classname="scripts_CrossBrowserExecution.ToLaunchApp_04" name="launch_app" time="24.414"/>
  <testcase classname="scripts_CrossBrowserExecution.ToLaunchApp_05" name="launch_app" time="26.553"/>
  <testcase classname="scripts_CrossBrowserExecution.ToLaunchApp_07" name="launch_app" time="28.515"/>
</testsuite> <!-- Test_01 -->
