<?xml version="1.0" encoding="UTF-8"?>
<!-- Generated by org.testng.reporters.JUnitXMLReporter -->
<testsuite ignored="4" hostname="TYSS-Chandana-M" failures="0" tests="3" name="Test" time="67.432" errors="0" timestamp="2024-03-21T16:56:20 IST">
  <testcase classname="TestNG_XML.TestScript_02" name="functionaltest_01" time="0.149"/>
  <testcase classname="TestNG_XML.TestScript_01" name="functionaltest_01" time="1.99"/>
  <testcase classname="TestNG_XML.TestScript_01" name="functionaltest_02" time="0.152"/>
  <testcase classname="TestNG_XML.BaseClass" name="@AfterSuite aftersuite" time="0.0">
    <ignored/>
  </testcase> <!-- @AfterSuite aftersuite -->
  <testcase classname="TestNG_XML.BaseClass" name="@BeforeSuite beforesuite" time="0.0">
    <ignored/>
  </testcase> <!-- @BeforeSuite beforesuite -->
  <testcase classname="TestNG_XML.BaseClass" name="@BeforeTest beforetest" time="0.0">
    <ignored/>
  </testcase> <!-- @BeforeTest beforetest -->
  <testcase classname="TestNG_XML.BaseClass" name="@AfterTest aftertest" time="0.0">
    <ignored/>
  </testcase> <!-- @AfterTest aftertest -->
</testsuite> <!-- Test -->
