<?xml version="1.0" encoding="UTF-8"?>
<!-- Generated by org.testng.reporters.JUnitXMLReporter -->
<testsuite ignored="0" hostname="TYSS-Chandana-M" failures="0" tests="9" name="Test_02" time="43.819" errors="0" timestamp="2024-03-21T15:14:55 IST">
  <testcase classname="scripts_CrossBrowserExecution.ToLaunchApp_09" name="launch_app" time="9.61"/>
  <testcase classname="scripts_CrossBrowserExecution.ToLaunchApp_08" name="launch_app" time="2.881"/>
  <testcase classname="scripts_CrossBrowserExecution.ToLaunchApp_07" name="launch_app" time="2.775"/>
  <testcase classname="scripts_CrossBrowserExecution.ToLaunchApp_06" name="launch_app" time="2.399"/>
  <testcase classname="scripts_CrossBrowserExecution.ToLaunchApp_05" name="launch_app" time="2.619"/>
  <testcase classname="scripts_CrossBrowserExecution.ToLaunchApp_04" name="launch_app" time="2.379"/>
  <testcase classname="scripts_CrossBrowserExecution.ToLaunchApp_03" name="launch_app" time="2.314"/>
  <testcase classname="scripts_CrossBrowserExecution.ToLaunchApp_02" name="launch_app" time="16.456"/>
  <testcase classname="scripts_CrossBrowserExecution.ToLaunchApp_01" name="launch_app" time="2.293"/>
</testsuite> <!-- Test_02 -->
