<?xml version="1.0" encoding="UTF-8"?>
<testng-results ignored="0" total="1" passed="1" failed="0" skipped="0">
  <reporter-output>
    <line>
      <![CDATA[from before suite]]>
    </line>
    <line>
      <![CDATA[from before test]]>
    </line>
    <line>
      <![CDATA[from before class]]>
    </line>
    <line>
      <![CDATA[from before method]]>
    </line>
    <line>
      <![CDATA[from after method]]>
    </line>
    <line>
      <![CDATA[from after class]]>
    </line>
    <line>
      <![CDATA[from after test]]>
    </line>
    <line>
      <![CDATA[from after suite]]>
    </line>
  </reporter-output>
  <suite started-at="2024-03-28T16:34:38 IST" name="Default suite" finished-at="2024-03-28T16:38:32 IST" duration-ms="234006">
    <groups>
    </groups>
    <test started-at="2024-03-28T16:34:38 IST" name="Default test" finished-at="2024-03-28T16:38:32 IST" duration-ms="234006">
      <class name="TestNG_XML.TestScript_03">
        <test-method is-config="true" signature="beforesuite()[pri:0, instance:TestNG_XML.TestScript_03@43bc63a3]" started-at="2024-03-28T16:34:38 IST" name="beforesuite" finished-at="2024-03-28T16:34:38 IST" duration-ms="17" status="PASS">
          <reporter-output>
            <line>
              <![CDATA[from before suite]]>
            </line>
          </reporter-output>
        </test-method> <!-- beforesuite -->
        <test-method is-config="true" signature="beforetest()[pri:0, instance:TestNG_XML.TestScript_03@43bc63a3]" started-at="2024-03-28T16:34:38 IST" name="beforetest" finished-at="2024-03-28T16:34:38 IST" duration-ms="2" status="PASS">
          <reporter-output>
            <line>
              <![CDATA[from before test]]>
            </line>
          </reporter-output>
        </test-method> <!-- beforetest -->
        <test-method is-config="true" signature="beforeclass()[pri:0, instance:TestNG_XML.TestScript_03@43bc63a3]" started-at="2024-03-28T16:34:38 IST" name="beforeclass" finished-at="2024-03-28T16:35:04 IST" duration-ms="26189" status="PASS">
          <reporter-output>
            <line>
              <![CDATA[from before class]]>
            </line>
          </reporter-output>
        </test-method> <!-- beforeclass -->
        <test-method is-config="true" signature="beforemethod()[pri:0, instance:TestNG_XML.TestScript_03@43bc63a3]" started-at="2024-03-28T16:35:04 IST" name="beforemethod" finished-at="2024-03-28T16:36:23 IST" duration-ms="78972" status="PASS">
          <reporter-output>
            <line>
              <![CDATA[from before method]]>
            </line>
          </reporter-output>
        </test-method> <!-- beforemethod -->
        <test-method signature="FT_01()[pri:0, instance:TestNG_XML.TestScript_03@43bc63a3]" started-at="2024-03-28T16:36:23 IST" name="FT_01" finished-at="2024-03-28T16:37:29 IST" duration-ms="65864" status="PASS">
          <reporter-output>
          </reporter-output>
        </test-method> <!-- FT_01 -->
        <test-method is-config="true" signature="aftermethod()[pri:0, instance:TestNG_XML.TestScript_03@43bc63a3]" started-at="2024-03-28T16:37:29 IST" name="aftermethod" finished-at="2024-03-28T16:38:32 IST" duration-ms="62626" status="PASS">
          <reporter-output>
            <line>
              <![CDATA[from after method]]>
            </line>
          </reporter-output>
        </test-method> <!-- aftermethod -->
        <test-method is-config="true" signature="afterclass()[pri:0, instance:TestNG_XML.TestScript_03@43bc63a3]" started-at="2024-03-28T16:38:32 IST" name="afterclass" finished-at="2024-03-28T16:38:32 IST" duration-ms="271" status="PASS">
          <reporter-output>
            <line>
              <![CDATA[from after class]]>
            </line>
          </reporter-output>
        </test-method> <!-- afterclass -->
        <test-method is-config="true" signature="aftertest()[pri:0, instance:TestNG_XML.TestScript_03@43bc63a3]" started-at="2024-03-28T16:38:32 IST" name="aftertest" finished-at="2024-03-28T16:38:32 IST" duration-ms="2" status="PASS">
          <reporter-output>
            <line>
              <![CDATA[from after test]]>
            </line>
          </reporter-output>
        </test-method> <!-- aftertest -->
        <test-method is-config="true" signature="aftersuite()[pri:0, instance:TestNG_XML.TestScript_03@43bc63a3]" started-at="2024-03-28T16:38:32 IST" name="aftersuite" finished-at="2024-03-28T16:38:32 IST" duration-ms="0" status="PASS">
          <reporter-output>
            <line>
              <![CDATA[from after suite]]>
            </line>
          </reporter-output>
        </test-method> <!-- aftersuite -->
      </class> <!-- TestNG_XML.TestScript_03 -->
    </test> <!-- Default test -->
  </suite> <!-- Default suite -->
</testng-results>
